<?xml version="1.0" encoding="UTF-8"?>
<!-- Generated by org.testng.reporters.JUnitReportReporter -->
<testsuite hostname="LAPTOP-MNLL3GGH" failures="0" tests="1" name="Test.Tests" time="22.851" errors="0" timestamp="2025-10-22T20:14:35 IST" skipped="0">
  <testcase classname="Test.Tests" name="newusersignup" time="22.851"/>
</testsuite> <!-- Test.Tests -->
