<?xml version="1.0" encoding="UTF-8"?>
<!-- Generated by org.testng.reporters.JUnitReportReporter -->
<testsuite hostname="LAPTOP-MNLL3GGH" failures="0" tests="2" name="Test.Tests" time="17.540" errors="0" timestamp="2025-10-21T23:58:57 IST" skipped="0">
  <testcase classname="Test.Tests" name="newusersignup" time="9.391"/>
  <testcase classname="Test.Tests" name="accountinfo" time="8.149"/>
</testsuite> <!-- Test.Tests -->
