<?xml version="1.0" encoding="UTF-8"?>
<!-- Generated by org.testng.reporters.JUnitReportReporter -->
<testsuite hostname="LAPTOP-MNLL3GGH" failures="0" tests="1" name="Test.Tests" time="5.590" errors="0" timestamp="2025-10-20T17:35:24 IST" skipped="0">
  <testcase classname="Test.Tests" name="test" time="5.590"/>
</testsuite> <!-- Test.Tests -->
