<?xml version="1.0" encoding="UTF-8"?>
<!-- Generated by org.testng.reporters.JUnitReportReporter -->
<testsuite hostname="LAPTOP-MNLL3GGH" failures="0" tests="1" name="Test.Tests" time="13.907" errors="0" timestamp="2025-10-21T20:55:36 IST" skipped="0">
  <testcase classname="Test.Tests" name="test" time="13.907"/>
</testsuite> <!-- Test.Tests -->
